,number,value,datetime_start,datetime_complete,duration,params_leaf_size,params_n_neighbors,params_p,state
0,0,0.5724956044193592,2023-04-11 15:17:19.969561,2023-04-11 15:17:20.583597,0 days 00:00:00.614036,35,7,1,COMPLETE
1,1,0.5317123614121597,2023-04-11 15:17:20.586599,2023-04-11 15:17:21.049193,0 days 00:00:00.462594,39,23,2,COMPLETE
2,2,0.5747397444169906,2023-04-11 15:17:21.051193,2023-04-11 15:17:21.531231,0 days 00:00:00.480038,9,12,1,COMPLETE
3,3,0.557132808064284,2023-04-11 15:17:21.533232,2023-04-11 15:17:21.996269,0 days 00:00:00.463037,58,11,2,COMPLETE
4,4,0.5492994411167468,2023-04-11 15:17:21.999269,2023-04-11 15:17:22.450306,0 days 00:00:00.451037,25,14,2,COMPLETE
5,5,0.5661261075016508,2023-04-11 15:17:22.452305,2023-04-11 15:17:22.976347,0 days 00:00:00.524042,14,22,1,COMPLETE
6,6,0.5702625882548297,2023-04-11 15:17:22.978348,2023-04-11 15:17:23.423383,0 days 00:00:00.445035,6,7,2,COMPLETE
7,7,0.5452536774041364,2023-04-11 15:17:23.426384,2023-04-11 15:17:23.960426,0 days 00:00:00.534042,3,21,1,COMPLETE
8,8,0.5546668161828309,2023-04-11 15:17:23.962427,2023-04-11 15:17:24.492469,0 days 00:00:00.530042,45,25,1,COMPLETE
9,9,0.5295631246155782,2023-04-11 15:17:24.495472,2023-04-11 15:17:25.004632,0 days 00:00:00.509160,7,29,2,COMPLETE
10,10,0.5653475233459351,2023-04-11 15:17:25.006633,2023-04-11 15:17:25.541066,0 days 00:00:00.534433,23,16,1,COMPLETE
11,11,0.5743599987107137,2023-04-11 15:17:25.543067,2023-04-11 15:17:26.063138,0 days 00:00:00.520071,36,3,1,COMPLETE
12,12,0.6109168568742693,2023-04-11 15:17:26.065140,2023-04-11 15:17:26.578180,0 days 00:00:00.513040,47,2,1,COMPLETE
13,13,0.6073173109598061,2023-04-11 15:17:26.580182,2023-04-11 15:17:27.106222,0 days 00:00:00.526040,55,2,1,COMPLETE
14,14,0.5795832602326475,2023-04-11 15:17:27.108224,2023-04-11 15:17:27.641265,0 days 00:00:00.533041,57,2,1,COMPLETE
15,15,0.5940312066234732,2023-04-11 15:17:27.643265,2023-04-11 15:17:28.205311,0 days 00:00:00.562046,49,6,1,COMPLETE
16,16,0.5964702203601727,2023-04-11 15:17:28.207311,2023-04-11 15:17:28.730352,0 days 00:00:00.523041,49,2,1,COMPLETE
17,17,0.5590894439086767,2023-04-11 15:17:28.732353,2023-04-11 15:17:29.281143,0 days 00:00:00.548790,53,9,1,COMPLETE
18,18,0.5822821408334888,2023-04-11 15:17:29.283143,2023-04-11 15:17:29.825187,0 days 00:00:00.542044,42,5,1,COMPLETE
19,19,0.5709205020277512,2023-04-11 15:17:29.828187,2023-04-11 15:17:30.396232,0 days 00:00:00.568045,30,18,1,COMPLETE
20,20,0.5300174366750079,2023-04-11 15:17:30.399234,2023-04-11 15:17:30.962277,0 days 00:00:00.563043,60,31,2,COMPLETE
21,21,0.5991211085902541,2023-04-11 15:17:30.965279,2023-04-11 15:17:31.552324,0 days 00:00:00.587045,48,2,1,COMPLETE
22,22,0.5959625196383845,2023-04-11 15:17:31.554325,2023-04-11 15:17:32.140371,0 days 00:00:00.586046,52,4,1,COMPLETE
23,23,0.5675000688175168,2023-04-11 15:17:32.143373,2023-04-11 15:17:32.728419,0 days 00:00:00.585046,46,9,1,COMPLETE
24,24,0.5962471754608691,2023-04-11 15:17:32.730419,2023-04-11 15:17:33.279463,0 days 00:00:00.549044,53,2,1,COMPLETE
25,25,0.5641237825431383,2023-04-11 15:17:33.281464,2023-04-11 15:17:33.842508,0 days 00:00:00.561044,40,9,1,COMPLETE
26,26,0.5755641681640636,2023-04-11 15:17:33.845509,2023-04-11 15:17:34.409554,0 days 00:00:00.564045,45,5,1,COMPLETE
27,27,0.5613091008896277,2023-04-11 15:17:34.411554,2023-04-11 15:17:35.103611,0 days 00:00:00.692057,56,12,1,COMPLETE
28,28,0.607073372648989,2023-04-11 15:17:35.106611,2023-04-11 15:17:35.666655,0 days 00:00:00.560044,32,4,1,COMPLETE
29,29,0.5578193997110252,2023-04-11 15:17:35.669655,2023-04-11 15:17:36.246701,0 days 00:00:00.577046,30,7,1,COMPLETE
30,30,0.5639885460509955,2023-04-11 15:17:36.249701,2023-04-11 15:17:36.821747,0 days 00:00:00.572046,18,7,1,COMPLETE
31,31,0.6156676521355579,2023-04-11 15:17:36.823747,2023-04-11 15:17:37.405794,0 days 00:00:00.582047,32,4,1,COMPLETE
32,32,0.6039636134038456,2023-04-11 15:17:37.408794,2023-04-11 15:17:38.002841,0 days 00:00:00.594047,34,4,1,COMPLETE
33,33,0.6112171116709071,2023-04-11 15:17:38.005843,2023-04-11 15:17:38.603889,0 days 00:00:00.598046,35,4,1,COMPLETE
34,34,0.5826830273650389,2023-04-11 15:17:38.606891,2023-04-11 15:17:39.206938,0 days 00:00:00.600047,37,10,1,COMPLETE
35,35,0.5704118090362125,2023-04-11 15:17:39.208939,2023-04-11 15:17:39.744981,0 days 00:00:00.536042,25,5,2,COMPLETE
36,36,0.5687109768118518,2023-04-11 15:17:39.747982,2023-04-11 15:17:40.344029,0 days 00:00:00.596047,40,7,1,COMPLETE
37,37,0.5709696814514051,2023-04-11 15:17:40.347030,2023-04-11 15:17:40.995081,0 days 00:00:00.648051,19,14,1,COMPLETE
38,38,0.6066295147548336,2023-04-11 15:17:40.998082,2023-04-11 15:17:41.531124,0 days 00:00:00.533042,27,4,2,COMPLETE
39,39,0.5818298044833989,2023-04-11 15:17:41.534125,2023-04-11 15:17:42.161174,0 days 00:00:00.627049,42,12,1,COMPLETE
40,40,0.5714124593175793,2023-04-11 15:17:42.164176,2023-04-11 15:17:42.787225,0 days 00:00:00.623049,33,8,1,COMPLETE
41,41,0.607073372648989,2023-04-11 15:17:42.790225,2023-04-11 15:17:43.395273,0 days 00:00:00.605048,32,4,1,COMPLETE
42,42,0.5888111739612422,2023-04-11 15:17:43.398275,2023-04-11 15:17:44.007692,0 days 00:00:00.609417,27,6,1,COMPLETE
43,43,0.5771118542456783,2023-04-11 15:17:44.010693,2023-04-11 15:17:44.613740,0 days 00:00:00.603047,37,3,1,COMPLETE
44,44,0.5918542140093781,2023-04-11 15:17:44.615741,2023-04-11 15:17:45.234298,0 days 00:00:00.618557,21,3,1,COMPLETE
45,45,0.5590226861952978,2023-04-11 15:17:45.236296,2023-04-11 15:17:45.897349,0 days 00:00:00.661053,11,26,1,COMPLETE
46,46,0.5942722524163682,2023-04-11 15:17:45.900351,2023-04-11 15:17:46.521399,0 days 00:00:00.621048,28,6,1,COMPLETE
47,47,0.5620443085990277,2023-04-11 15:17:46.524400,2023-04-11 15:17:47.190453,0 days 00:00:00.666053,43,20,1,COMPLETE
48,48,0.5871579472808574,2023-04-11 15:17:47.192453,2023-04-11 15:17:47.743497,0 days 00:00:00.551044,51,2,2,COMPLETE
49,49,0.5726355111458694,2023-04-11 15:17:47.745498,2023-04-11 15:17:48.366547,0 days 00:00:00.621049,55,14,1,COMPLETE
50,50,0.5698231924087775,2023-04-11 15:17:48.368547,2023-04-11 15:17:49.011598,0 days 00:00:00.643051,60,11,1,COMPLETE
51,51,0.6061728027194482,2023-04-11 15:17:49.014600,2023-04-11 15:17:49.623648,0 days 00:00:00.609048,32,4,1,COMPLETE
52,52,0.5755641681640636,2023-04-11 15:17:49.626648,2023-04-11 15:17:50.245698,0 days 00:00:00.619050,35,5,1,COMPLETE
53,53,0.5660908922362384,2023-04-11 15:17:50.248698,2023-04-11 15:17:50.882749,0 days 00:00:00.634051,31,3,1,COMPLETE
54,54,0.5866551142350519,2023-04-11 15:17:50.884750,2023-04-11 15:17:51.535801,0 days 00:00:00.651051,39,8,1,COMPLETE
55,55,0.5698300502306206,2023-04-11 15:17:51.537801,2023-04-11 15:17:52.237857,0 days 00:00:00.700056,25,3,1,COMPLETE
56,56,0.5954535782179625,2023-04-11 15:17:52.240858,2023-04-11 15:17:52.948916,0 days 00:00:00.708058,29,6,1,COMPLETE
57,57,0.6149505670931631,2023-04-11 15:17:52.951916,2023-04-11 15:17:53.631474,0 days 00:00:00.679558,36,2,1,COMPLETE
58,58,0.6029994191374436,2023-04-11 15:17:53.635476,2023-04-11 15:17:54.343531,0 days 00:00:00.708055,47,2,1,COMPLETE
59,59,0.5740468515710272,2023-04-11 15:17:54.346531,2023-04-11 15:17:55.065589,0 days 00:00:00.719058,50,5,1,COMPLETE
60,60,0.5991211085902541,2023-04-11 15:17:55.067590,2023-04-11 15:17:55.787647,0 days 00:00:00.720057,37,2,1,COMPLETE
61,61,0.5959625196383845,2023-04-11 15:17:55.789647,2023-04-11 15:17:56.604232,0 days 00:00:00.814585,33,4,1,COMPLETE
62,62,0.6147843289390575,2023-04-11 15:17:56.607233,2023-04-11 15:17:57.311288,0 days 00:00:00.704055,35,4,1,COMPLETE
63,63,0.5743599987107137,2023-04-11 15:17:57.314289,2023-04-11 15:17:58.025693,0 days 00:00:00.711404,35,3,1,COMPLETE
64,64,0.5955867375318495,2023-04-11 15:17:58.028693,2023-04-11 15:17:58.769289,0 days 00:00:00.740596,43,6,1,COMPLETE
65,65,0.5885205408348554,2023-04-11 15:17:58.772288,2023-04-11 15:17:59.484346,0 days 00:00:00.712058,39,3,1,COMPLETE
66,66,0.5714124593175793,2023-04-11 15:17:59.487345,2023-04-11 15:18:00.209402,0 days 00:00:00.722057,41,8,1,COMPLETE
67,67,0.5687933158616297,2023-04-11 15:18:00.212403,2023-04-11 15:18:00.931460,0 days 00:00:00.719057,55,5,1,COMPLETE
68,68,0.5964702203601727,2023-04-11 15:18:00.934462,2023-04-11 15:18:01.640517,0 days 00:00:00.706055,44,2,1,COMPLETE
69,69,0.537380028282447,2023-04-11 15:18:01.643518,2023-04-11 15:18:02.401578,0 days 00:00:00.758060,2,25,1,COMPLETE
70,70,0.6156676521355579,2023-04-11 15:18:02.404579,2023-04-11 15:18:03.115635,0 days 00:00:00.711056,25,4,1,COMPLETE
71,71,0.6039636134038456,2023-04-11 15:18:03.118636,2023-04-11 15:18:03.816692,0 days 00:00:00.698056,24,4,1,COMPLETE
72,72,0.5942722524163682,2023-04-11 15:18:03.819693,2023-04-11 15:18:04.589754,0 days 00:00:00.770061,16,6,1,COMPLETE
73,73,0.5991211085902541,2023-04-11 15:18:04.591754,2023-04-11 15:18:05.343814,0 days 00:00:00.752060,30,2,1,COMPLETE
74,74,0.5959625196383845,2023-04-11 15:18:05.346816,2023-04-11 15:18:06.067873,0 days 00:00:00.721057,23,4,1,COMPLETE
75,75,0.5687109768118518,2023-04-11 15:18:06.070873,2023-04-11 15:18:06.813931,0 days 00:00:00.743058,36,7,1,COMPLETE
76,76,0.568376676864492,2023-04-11 15:18:06.816933,2023-04-11 15:18:07.558993,0 days 00:00:00.742060,28,5,1,COMPLETE
77,77,0.5849933998836081,2023-04-11 15:18:07.561994,2023-04-11 15:18:08.322560,0 days 00:00:00.760566,26,3,1,COMPLETE
78,78,0.5590524015419123,2023-04-11 15:18:08.326562,2023-04-11 15:18:09.034617,0 days 00:00:00.708055,21,16,2,COMPLETE
79,79,0.5660908922362384,2023-04-11 15:18:09.037617,2023-04-11 15:18:09.842681,0 days 00:00:00.805064,58,3,1,COMPLETE
80,80,0.5667322474131067,2023-04-11 15:18:09.845683,2023-04-11 15:18:10.692750,0 days 00:00:00.847067,33,7,1,COMPLETE
81,81,0.5928838709545007,2023-04-11 15:18:10.695752,2023-04-11 15:18:11.465813,0 days 00:00:00.770061,32,4,1,COMPLETE
82,82,0.5751393297381138,2023-04-11 15:18:11.468813,2023-04-11 15:18:12.237873,0 days 00:00:00.769060,38,5,1,COMPLETE
83,83,0.6156676521355579,2023-04-11 15:18:12.240874,2023-04-11 15:18:12.975933,0 days 00:00:00.735059,34,4,1,COMPLETE
84,84,0.6029994191374436,2023-04-11 15:18:12.978933,2023-04-11 15:18:13.703991,0 days 00:00:00.725058,34,2,1,COMPLETE
85,85,0.5740468515710272,2023-04-11 15:18:13.706992,2023-04-11 15:18:14.459053,0 days 00:00:00.752061,29,5,1,COMPLETE
86,86,0.580450227281234,2023-04-11 15:18:14.463054,2023-04-11 15:18:15.193110,0 days 00:00:00.730056,36,3,1,COMPLETE
87,87,0.5890996264225072,2023-04-11 15:18:15.196112,2023-04-11 15:18:15.961172,0 days 00:00:00.765060,31,6,1,COMPLETE
88,88,0.5854387366557023,2023-04-11 15:18:15.963173,2023-04-11 15:18:16.710766,0 days 00:00:00.747593,41,8,1,COMPLETE
89,89,0.597001676816898,2023-04-11 15:18:16.713767,2023-04-11 15:18:17.437833,0 days 00:00:00.724066,53,4,1,COMPLETE
90,90,0.5555688170641359,2023-04-11 15:18:17.440835,2023-04-11 15:18:18.279459,0 days 00:00:00.838624,34,32,1,COMPLETE
91,91,0.6069779002629957,2023-04-11 15:18:18.282460,2023-04-11 15:18:19.169533,0 days 00:00:00.887073,32,4,1,COMPLETE
92,92,0.5660908922362384,2023-04-11 15:18:19.172534,2023-04-11 15:18:20.047165,0 days 00:00:00.874631,29,3,1,COMPLETE
93,93,0.5496499852398592,2023-04-11 15:18:20.050165,2023-04-11 15:18:20.842753,0 days 00:00:00.792588,38,19,1,COMPLETE
94,94,0.5964702203601727,2023-04-11 15:18:20.845755,2023-04-11 15:18:21.599814,0 days 00:00:00.754059,35,2,1,COMPLETE
95,95,0.6115464862786089,2023-04-11 15:18:21.602814,2023-04-11 15:18:22.395879,0 days 00:00:00.793065,31,4,1,COMPLETE
96,96,0.5822821408334888,2023-04-11 15:18:22.398878,2023-04-11 15:18:23.157938,0 days 00:00:00.759060,31,5,1,COMPLETE
97,97,0.5576787490276952,2023-04-11 15:18:23.160940,2023-04-11 15:18:23.922000,0 days 00:00:00.761060,27,28,1,COMPLETE
98,98,0.5891763313423641,2023-04-11 15:18:23.925001,2023-04-11 15:18:24.606561,0 days 00:00:00.681560,21,2,1,COMPLETE
99,99,0.5855595633695259,2023-04-11 15:18:24.609560,2023-04-11 15:18:25.333617,0 days 00:00:00.724057,48,6,1,COMPLETE
