,number,value,datetime_start,datetime_complete,duration,params_reg_param,state
0,0,0.5,2023-04-11 15:44:30.024061,2023-04-11 15:44:30.407463,0 days 00:00:00.383402,1,COMPLETE
1,1,0.5863257757246787,2023-04-11 15:44:30.409462,2023-04-11 15:44:30.774383,0 days 00:00:00.364921,0,COMPLETE
2,2,0.6043573432764946,2023-04-11 15:44:30.776395,2023-04-11 15:44:31.111461,0 days 00:00:00.335066,0,COMPLETE
3,3,0.5,2023-04-11 15:44:31.113477,2023-04-11 15:44:31.445478,0 days 00:00:00.332001,1,COMPLETE
4,4,0.5,2023-04-11 15:44:31.447478,2023-04-11 15:44:31.805408,0 days 00:00:00.357930,1,COMPLETE
5,5,0.5,2023-04-11 15:44:31.807410,2023-04-11 15:44:32.151437,0 days 00:00:00.344027,1,COMPLETE
6,6,0.5,2023-04-11 15:44:32.153438,2023-04-11 15:44:32.600474,0 days 00:00:00.447036,1,COMPLETE
7,7,0.5,2023-04-11 15:44:32.602473,2023-04-11 15:44:32.979444,0 days 00:00:00.376971,1,COMPLETE
8,8,0.6024203365541536,2023-04-11 15:44:32.982444,2023-04-11 15:44:33.352456,0 days 00:00:00.370012,0,COMPLETE
9,9,0.5,2023-04-11 15:44:33.354472,2023-04-11 15:44:33.728431,0 days 00:00:00.373959,1,COMPLETE
10,10,0.5886882495875616,2023-04-11 15:44:33.729434,2023-04-11 15:44:34.111421,0 days 00:00:00.381987,0,COMPLETE
11,11,0.6149374294051546,2023-04-11 15:44:34.113415,2023-04-11 15:44:34.524416,0 days 00:00:00.411001,0,COMPLETE
12,12,0.6064788465291182,2023-04-11 15:44:34.526419,2023-04-11 15:44:34.911427,0 days 00:00:00.385008,0,COMPLETE
13,13,0.6060187310553513,2023-04-11 15:44:34.913437,2023-04-11 15:44:35.284472,0 days 00:00:00.371035,0,COMPLETE
14,14,0.5863257757246787,2023-04-11 15:44:35.286474,2023-04-11 15:44:35.675873,0 days 00:00:00.389399,0,COMPLETE
15,15,0.6043573432764946,2023-04-11 15:44:35.677857,2023-04-11 15:44:36.039490,0 days 00:00:00.361633,0,COMPLETE
16,16,0.5895939278766217,2023-04-11 15:44:36.041479,2023-04-11 15:44:36.412420,0 days 00:00:00.370941,0,COMPLETE
17,17,0.5877220910525196,2023-04-11 15:44:36.414418,2023-04-11 15:44:36.786487,0 days 00:00:00.372069,0,COMPLETE
18,18,0.6063974921689054,2023-04-11 15:44:36.787473,2023-04-11 15:44:37.177464,0 days 00:00:00.389991,0,COMPLETE
19,19,0.5982730184919002,2023-04-11 15:44:37.179477,2023-04-11 15:44:37.576466,0 days 00:00:00.396989,0,COMPLETE
20,20,0.6163245018423591,2023-04-11 15:44:37.577451,2023-04-11 15:44:37.988487,0 days 00:00:00.411036,0,COMPLETE
21,21,0.6024203365541536,2023-04-11 15:44:37.990488,2023-04-11 15:44:38.526530,0 days 00:00:00.536042,0,COMPLETE
22,22,0.600135975925367,2023-04-11 15:44:38.528532,2023-04-11 15:44:38.902427,0 days 00:00:00.373895,0,COMPLETE
23,23,0.5886882495875616,2023-04-11 15:44:38.904448,2023-04-11 15:44:39.456472,0 days 00:00:00.552024,0,COMPLETE
24,24,0.6149374294051546,2023-04-11 15:44:39.460473,2023-04-11 15:44:40.331545,0 days 00:00:00.871072,0,COMPLETE
25,25,0.6064788465291182,2023-04-11 15:44:40.334543,2023-04-11 15:44:40.957592,0 days 00:00:00.623049,0,COMPLETE
26,26,0.6060187310553513,2023-04-11 15:44:40.960592,2023-04-11 15:44:41.400628,0 days 00:00:00.440036,0,COMPLETE
27,27,0.5863257757246787,2023-04-11 15:44:41.404628,2023-04-11 15:44:41.773462,0 days 00:00:00.368834,0,COMPLETE
28,28,0.6043573432764946,2023-04-11 15:44:41.775452,2023-04-11 15:44:42.128650,0 days 00:00:00.353198,0,COMPLETE
29,29,0.5895939278766217,2023-04-11 15:44:42.129649,2023-04-11 15:44:42.463285,0 days 00:00:00.333636,0,COMPLETE
30,30,0.5877220910525196,2023-04-11 15:44:42.465297,2023-04-11 15:44:42.826439,0 days 00:00:00.361142,0,COMPLETE
31,31,0.6063974921689054,2023-04-11 15:44:42.828425,2023-04-11 15:44:43.221424,0 days 00:00:00.392999,0,COMPLETE
32,32,0.5982730184919002,2023-04-11 15:44:43.223439,2023-04-11 15:44:43.562451,0 days 00:00:00.339012,0,COMPLETE
33,33,0.6163245018423591,2023-04-11 15:44:43.564452,2023-04-11 15:44:43.952475,0 days 00:00:00.388023,0,COMPLETE
34,34,0.6024203365541536,2023-04-11 15:44:43.954468,2023-04-11 15:44:44.332413,0 days 00:00:00.377945,0,COMPLETE
35,35,0.600135975925367,2023-04-11 15:44:44.335414,2023-04-11 15:44:44.707444,0 days 00:00:00.372030,0,COMPLETE
36,36,0.5886882495875616,2023-04-11 15:44:44.709444,2023-04-11 15:44:45.155479,0 days 00:00:00.446035,0,COMPLETE
37,37,0.5,2023-04-11 15:44:45.158480,2023-04-11 15:44:45.579511,0 days 00:00:00.421031,1,COMPLETE
38,38,0.6064788465291182,2023-04-11 15:44:45.582512,2023-04-11 15:44:45.932558,0 days 00:00:00.350046,0,COMPLETE
39,39,0.5,2023-04-11 15:44:45.934541,2023-04-11 15:44:46.271343,0 days 00:00:00.336802,1,COMPLETE
40,40,0.5863257757246787,2023-04-11 15:44:46.272343,2023-04-11 15:44:46.622358,0 days 00:00:00.350015,0,COMPLETE
41,41,0.6043573432764946,2023-04-11 15:44:46.623356,2023-04-11 15:44:46.975458,0 days 00:00:00.352102,0,COMPLETE
42,42,0.5895939278766217,2023-04-11 15:44:46.976471,2023-04-11 15:44:47.386373,0 days 00:00:00.409902,0,COMPLETE
43,43,0.5877220910525196,2023-04-11 15:44:47.388373,2023-04-11 15:44:47.747448,0 days 00:00:00.359075,0,COMPLETE
44,44,0.6063974921689054,2023-04-11 15:44:47.748463,2023-04-11 15:44:48.096438,0 days 00:00:00.347975,0,COMPLETE
45,45,0.5982730184919002,2023-04-11 15:44:48.098426,2023-04-11 15:44:48.492458,0 days 00:00:00.394032,0,COMPLETE
46,46,0.6163245018423591,2023-04-11 15:44:48.494457,2023-04-11 15:44:48.873403,0 days 00:00:00.378946,0,COMPLETE
47,47,0.5,2023-04-11 15:44:48.875404,2023-04-11 15:44:49.268438,0 days 00:00:00.393034,1,COMPLETE
48,48,0.600135975925367,2023-04-11 15:44:49.272437,2023-04-11 15:44:49.764477,0 days 00:00:00.492040,0,COMPLETE
49,49,0.5886882495875616,2023-04-11 15:44:49.767475,2023-04-11 15:44:50.433530,0 days 00:00:00.666055,0,COMPLETE
50,50,0.6149374294051546,2023-04-11 15:44:50.436529,2023-04-11 15:44:50.878564,0 days 00:00:00.442035,0,COMPLETE
51,51,0.6064788465291182,2023-04-11 15:44:50.884567,2023-04-11 15:44:51.292598,0 days 00:00:00.408031,0,COMPLETE
52,52,0.6060187310553513,2023-04-11 15:44:51.296598,2023-04-11 15:44:51.704631,0 days 00:00:00.408033,0,COMPLETE
53,53,0.5863257757246787,2023-04-11 15:44:51.707630,2023-04-11 15:44:52.236676,0 days 00:00:00.529046,0,COMPLETE
54,54,0.6043573432764946,2023-04-11 15:44:52.239675,2023-04-11 15:44:53.073409,0 days 00:00:00.833734,0,COMPLETE
55,55,0.5895939278766217,2023-04-11 15:44:53.079409,2023-04-11 15:44:53.932624,0 days 00:00:00.853215,0,COMPLETE
56,56,0.5877220910525196,2023-04-11 15:44:53.935621,2023-04-11 15:44:54.467665,0 days 00:00:00.532044,0,COMPLETE
57,57,0.6063974921689054,2023-04-11 15:44:54.471664,2023-04-11 15:44:54.899052,0 days 00:00:00.427388,0,COMPLETE
58,58,0.5982730184919002,2023-04-11 15:44:54.901052,2023-04-11 15:44:55.661671,0 days 00:00:00.760619,0,COMPLETE
59,59,0.6163245018423591,2023-04-11 15:44:55.664672,2023-04-11 15:44:56.389730,0 days 00:00:00.725058,0,COMPLETE
60,60,0.6024203365541536,2023-04-11 15:44:56.393732,2023-04-11 15:44:56.869766,0 days 00:00:00.476034,0,COMPLETE
61,61,0.600135975925367,2023-04-11 15:44:56.872770,2023-04-11 15:44:57.223809,0 days 00:00:00.351039,0,COMPLETE
62,62,0.5886882495875616,2023-04-11 15:44:57.225813,2023-04-11 15:44:57.712839,0 days 00:00:00.487026,0,COMPLETE
63,63,0.6149374294051546,2023-04-11 15:44:57.716838,2023-04-11 15:44:58.404427,0 days 00:00:00.687589,0,COMPLETE
64,64,0.6064788465291182,2023-04-11 15:44:58.407427,2023-04-11 15:44:58.978470,0 days 00:00:00.571043,0,COMPLETE
65,65,0.6060187310553513,2023-04-11 15:44:58.980471,2023-04-11 15:44:59.660527,0 days 00:00:00.680056,0,COMPLETE
66,66,0.5863257757246787,2023-04-11 15:44:59.664529,2023-04-11 15:45:00.277574,0 days 00:00:00.613045,0,COMPLETE
67,67,0.6043573432764946,2023-04-11 15:45:00.281577,2023-04-11 15:45:01.128645,0 days 00:00:00.847068,0,COMPLETE
68,68,0.5895939278766217,2023-04-11 15:45:01.132645,2023-04-11 15:45:01.916710,0 days 00:00:00.784065,0,COMPLETE
69,69,0.5877220910525196,2023-04-11 15:45:01.920708,2023-04-11 15:45:02.465750,0 days 00:00:00.545042,0,COMPLETE
70,70,0.6063974921689054,2023-04-11 15:45:02.469752,2023-04-11 15:45:02.911785,0 days 00:00:00.442033,0,COMPLETE
71,71,0.5982730184919002,2023-04-11 15:45:02.914787,2023-04-11 15:45:03.270814,0 days 00:00:00.356027,0,COMPLETE
72,72,0.6163245018423591,2023-04-11 15:45:03.272815,2023-04-11 15:45:03.613460,0 days 00:00:00.340645,0,COMPLETE
73,73,0.6024203365541536,2023-04-11 15:45:03.614447,2023-04-11 15:45:03.983158,0 days 00:00:00.368711,0,COMPLETE
74,74,0.600135975925367,2023-04-11 15:45:03.986144,2023-04-11 15:45:04.328470,0 days 00:00:00.342326,0,COMPLETE
75,75,0.5886882495875616,2023-04-11 15:45:04.329459,2023-04-11 15:45:04.741465,0 days 00:00:00.412006,0,COMPLETE
76,76,0.6149374294051546,2023-04-11 15:45:04.744463,2023-04-11 15:45:05.124472,0 days 00:00:00.380009,0,COMPLETE
77,77,0.6064788465291182,2023-04-11 15:45:05.126474,2023-04-11 15:45:05.509435,0 days 00:00:00.382961,0,COMPLETE
78,78,0.6060187310553513,2023-04-11 15:45:05.510435,2023-04-11 15:45:05.897480,0 days 00:00:00.387045,0,COMPLETE
79,79,0.5,2023-04-11 15:45:05.900468,2023-04-11 15:45:06.283360,0 days 00:00:00.382892,1,COMPLETE
80,80,0.6043573432764946,2023-04-11 15:45:06.284344,2023-04-11 15:45:06.670459,0 days 00:00:00.386115,0,COMPLETE
81,81,0.5895939278766217,2023-04-11 15:45:06.671472,2023-04-11 15:45:07.063431,0 days 00:00:00.391959,0,COMPLETE
82,82,0.5877220910525196,2023-04-11 15:45:07.064447,2023-04-11 15:45:07.472474,0 days 00:00:00.408027,0,COMPLETE
83,83,0.6063974921689054,2023-04-11 15:45:07.474487,2023-04-11 15:45:07.893475,0 days 00:00:00.418988,0,COMPLETE
84,84,0.5982730184919002,2023-04-11 15:45:07.895487,2023-04-11 15:45:08.284088,0 days 00:00:00.388601,0,COMPLETE
85,85,0.6163245018423591,2023-04-11 15:45:08.286086,2023-04-11 15:45:08.683484,0 days 00:00:00.397398,0,COMPLETE
86,86,0.6024203365541536,2023-04-11 15:45:08.685482,2023-04-11 15:45:09.050465,0 days 00:00:00.364983,0,COMPLETE
87,87,0.600135975925367,2023-04-11 15:45:09.052451,2023-04-11 15:45:09.472425,0 days 00:00:00.419974,0,COMPLETE
88,88,0.5886882495875616,2023-04-11 15:45:09.474445,2023-04-11 15:45:09.832457,0 days 00:00:00.358012,0,COMPLETE
89,89,0.6149374294051546,2023-04-11 15:45:09.834454,2023-04-11 15:45:10.240450,0 days 00:00:00.405996,0,COMPLETE
90,90,0.6064788465291182,2023-04-11 15:45:10.242469,2023-04-11 15:45:10.676415,0 days 00:00:00.433946,0,COMPLETE
91,91,0.6060187310553513,2023-04-11 15:45:10.678413,2023-04-11 15:45:11.074461,0 days 00:00:00.396048,0,COMPLETE
92,92,0.5863257757246787,2023-04-11 15:45:11.076463,2023-04-11 15:45:11.484453,0 days 00:00:00.407990,0,COMPLETE
93,93,0.6043573432764946,2023-04-11 15:45:11.486434,2023-04-11 15:45:11.846454,0 days 00:00:00.360020,0,COMPLETE
94,94,0.5895939278766217,2023-04-11 15:45:11.848454,2023-04-11 15:45:12.276423,0 days 00:00:00.427969,0,COMPLETE
95,95,0.5877220910525196,2023-04-11 15:45:12.277435,2023-04-11 15:45:12.728485,0 days 00:00:00.451050,0,COMPLETE
96,96,0.6063974921689054,2023-04-11 15:45:12.729484,2023-04-11 15:45:13.100403,0 days 00:00:00.370919,0,COMPLETE
97,97,0.5982730184919002,2023-04-11 15:45:13.102404,2023-04-11 15:45:13.465987,0 days 00:00:00.363583,0,COMPLETE
98,98,0.6163245018423591,2023-04-11 15:45:13.467987,2023-04-11 15:45:13.889457,0 days 00:00:00.421470,0,COMPLETE
99,99,0.6024203365541536,2023-04-11 15:45:13.891478,2023-04-11 15:45:14.311477,0 days 00:00:00.419999,0,COMPLETE
